# JRE version: OpenJDK Runtime Environment Temurin-21.0.12.1+1 (21.0.12.1+1) (build 21.0.12.1+1-LTS)
# Java VM: OpenJDK 64-Bit Server VM Temurin-21.0.12.1+1 (21.0.12.1+1-LTS, mixed mode, sharing, tiered, compressed oops, compressed class ptrs, g1 gc, windows-amd64)
GC Precious Log:
 CardTable entry size: 512
 Card Set container configuration: InlinePtr #cards 5 size 8 Array Of Cards #cards 12 size 40 Howl #buckets 4 coarsen threshold 1843 Howl Bitmap #cards 512 size 80 coarsen threshold 460 Card regions per heap region 1 cards per card region 2048
 CPUs: 8 total, 8 available
 Memory: 7916M
 Large Page Support: Disabled
 NUMA Support: Disabled
 Compressed Oops: Enabled (32-bit)
 Heap Region Size: 1M
 Heap Min Capacity: 256M
 Heap Initial Capacity: 256M
 Heap Max Capacity: 512M
 Pre-touch: Disabled
 Parallel Workers: 8
 Concurrent Workers: 2
 Concurrent Refinement Workers: 8
 Periodic GC: Disabled
Heap:
 garbage-first heap   total 262144K, used 43237K [0x00000000e0000000, 0x0000000100000000)
  region size 1024K, 20 young (20480K), 6 survivors (6144K)
 Metaspace       used 36604K, committed 38016K, reserved 393216K
  class space    used 5284K, committed 5952K, reserved 327680K
GC Heap History (10 events):
Event: 1.810 GC heap before
{Heap before GC invocations=0 (full 0):
 garbage-first heap   total 262144K, used 23552K [0x00000000e0000000, 0x0000000100000000)
  region size 1024K, 23 young (23552K), 0 survivors (0K)
 Metaspace       used 921K, committed 1088K, reserved 393216K
  class space    used 76K, committed 128K, reserved 327680K
}
Event: 1.867 GC heap after
{Heap after GC invocations=1 (full 0):
 garbage-first heap   total 262144K, used 1621K [0x00000000e0000000, 0x0000000100000000)
  region size 1024K, 2 young (2048K), 2 survivors (2048K)
 Metaspace       used 921K, committed 1088K, reserved 393216K
  class space    used 76K, committed 128K, reserved 327680K
}
Event: 34.015 GC heap before
{Heap before GC invocations=1 (full 0):
 garbage-first heap   total 262144K, used 42581K [0x00000000e0000000, 0x0000000100000000)
  region size 1024K, 39 young (39936K), 2 survivors (2048K)
 Metaspace       used 4608K, committed 4800K, reserved 393216K
  class space    used 586K, committed 704K, reserved 327680K
}
Event: 34.027 GC heap after
{Heap after GC invocations=2 (full 0):
 garbage-first heap   total 262144K, used 11715K [0x00000000e0000000, 0x0000000100000000)
  region size 1024K, 5 young (5120K), 5 survivors (5120K)
 Metaspace       used 4608K, committed 4800K, reserved 393216K
  class space    used 586K, committed 704K, reserved 327680K
}
Event: 101.606 GC heap before
{Heap before GC invocations=2 (full 0):
 garbage-first heap   total 262144K, used 150979K [0x00000000e0000000, 0x0000000100000000)
  region size 1024K, 139 young (142336K), 5 survivors (5120K)
 Metaspace       used 20939K, committed 21504K, reserved 393216K
  class space    used 2885K, committed 3136K, reserved 327680K
}
Event: 101.974 GC heap after
{Heap after GC invocations=3 (full 0):
 garbage-first heap   total 262144K, used 24003K [0x00000000e0000000, 0x0000000100000000)
  region size 1024K, 16 young (16384K), 16 survivors (16384K)
 Metaspace       used 20939K, committed 21504K, reserved 393216K
  class space    used 2885K, committed 3136K, reserved 327680K
}
Event: 171.785 GC heap before
{Heap before GC invocations=4 (full 0):
 garbage-first heap   total 262144K, used 122307K [0x00000000e0000000, 0x0000000100000000)
  region size 1024K, 112 young (114688K), 16 survivors (16384K)
 Metaspace       used 32963K, committed 34304K, reserved 393216K
  class space    used 4893K, committed 5568K, reserved 327680K
}
Event: 171.892 GC heap after
{Heap after GC invocations=5 (full 0):
 garbage-first heap   total 262144K, used 29596K [0x00000000e0000000, 0x0000000100000000)
  region size 1024K, 6 young (6144K), 6 survivors (6144K)
 Metaspace       used 32963K, committed 34304K, reserved 393216K
  class space    used 4893K, committed 5568K, reserved 327680K
}
Event: 200.578 GC heap before
{Heap before GC invocations=5 (full 0):
 garbage-first heap   total 262144K, used 40860K [0x00000000e0000000, 0x0000000100000000)
  region size 1024K, 19 young (19456K), 6 survivors (6144K)
 Metaspace       used 34676K, committed 35968K, reserved 393216K
  class space    used 5051K, committed 5696K, reserved 327680K
}
Event: 200.611 GC heap after
{Heap after GC invocations=6 (full 0):
 garbage-first heap   total 262144K, used 29925K [0x00000000e0000000, 0x0000000100000000)
  region size 1024K, 6 young (6144K), 6 survivors (6144K)
 Metaspace       used 34676K, committed 35968K, reserved 393216K
  class space    used 5051K, committed 5696K, reserved 327680K
}

